index.html:20 10203140
index.html:20 57557
index.html:20 6908224
index.html:20 77265
index.html:20 38718
index.html:20 63903
index.html:20 1000
index.html:20 11673029
index.html:20 6871287
index.html:20 20250834
index.html:20 2963234
index.html:20 1265740
index.html:20 540542
index.html:20 55197
index.html:20 2077132
index.html:20 114963583
index.html:20 56367
index.html:20 40222503
index.html:20 16858333
index.html:20 1399491
index.html:20 32971846
index.html:20 586634
index.html:20 10353442
index.html:20 271960
index.html:20 280904
index.html:20 12123198
index.html:20 1331057
index.html:20 2563
index.html:20 168783
index.html:20 14862927
index.html:20 5458827
index.html:20 16655799
index.html:20 17643060
index.html:20 34813867
index.html:20 9890400
index.html:20 40218234
index.html:20 300
index.html:20 4829764
index.html:20 4314768
index.html:20 451
index.html:20 17500657
index.html:20 307150
 9904608
 119446
 19116209
 20903278
 53192
 4255
 128932753
 1402112000
 1318442
 3000
 11193729
 1160164
 34232050
 273523621
 7132530
 39244
 112519
 4047200
 37950802
 3280815
 38005238
 10305564
 212559409
 4649660
 9216900
 155014
 437483
 32866268
 525285
index.html:20 9398861
index.html:20 84339067
index.html:20 5530719
index.html:20 33691
index.html:20 771612
index.html:20 47351567
index.html:20 28435943
index.html:20 2881060
index.html:20 10698896
index.html:20 4270563
index.html:20 621718
index.html:20 0
index.html:20 1380004385
index.html:20 5084300
index.html:20 2961161
index.html:20 65720
index.html:20 33938
index.html:20 5657000
index.html:20 220892331
index.html:20 67391582
index.html:20 18754440
index.html:20 1701583
index.html:20 896444
index.html:20 366425
index.html:20 54409794
index.html:20 164689383
index.html:20 109581085
index.html:20 1402985
index.html:20 4994724
index.html:20 29136808
index.html:20 29825968
index.html:20 51780579
index.html:20 5831404
index.html:20 5106622
index.html:20 110947
index.html:20 5352000
index.html:20 25687041
index.html:20 83992953
index.html:20 6486201
index.html:20 59734213
index.html:20 400132
index.html:20 686878
index.html:20 53771300
index.html:20 10847904
index.html:20 10715549
index.html:20 62999
index.html:20 12952209
index.html:20 6069
index.html:20 11792
index.html:20 23503349
index.html:20 786559
index.html:20 98462
index.html:20 25778815
index.html:20 2351625
index.html:20 16718971
index.html:20 287371
index.html:20 50882884
index.html:20 44134693
index.html:20 26378275
index.html:20 10834
index.html:20 2540916
index.html:20 16425859
index.html:20 105697
index.html:20 45376763
index.html:20 2072
index.html:20 24206636
index.html:20 59194
index.html:20 5094114
index.html:20 31072945
index.html:20 8917205
index.html:20 53192
index.html:20 4803269
index.html:20 11326616
index.html:20 9749763
index.html:20 115021
index.html:20 397621
index.html:20 393248
index.html:20 106766
index.html:20 219161
index.html:20 144104080
index.html:20 632275
index.html:20 48865
index.html:20 6624554
index.html:20 11818618
index.html:20 108407721
index.html:20 2562
index.html:20 59308690
index.html:20 7976985
index.html:20 2142252
index.html:20 30
index.html:20 59554023
index.html:20 988002
index.html:20 0
index.html:20 21919000
index.html:20 183629
index.html:20 198410
index.html:20 544
index.html:20 3194034
index.html:20 2225728
index.html:20 6031187
index.html:20 1901548
index.html:20 16743930
index.html:20 11555997
index.html:20 2617820
index.html:20 38137
index.html:20 19129955
index.html:20 6825442
index.html:20 3278292
index.html:20 5379475
index.html:20 30237
index.html:20 26545864
index.html:20 69799978
index.html:20 206139587
index.html:20 840974
index.html:20 555988
index.html:20 100800
index.html:20 44700000
index.html:20 7275556
index.html:20 25987
index.html:20 10110116
index.html:20 40812
index.html:20 36910558
index.html:20 29458
index.html:20 6927288
index.html:20 11890781
index.html:20 45741000
index.html:20 1775378
index.html:20 31255435
index.html:20 3714000
index.html:20 67215293
index.html:20 11750
index.html:20 56
index.html:20 19286123
index.html:20 97338583
index.html:20 400
index.html:20 510713
index.html:20 125836021
index.html:20 102334403
index.html:20 5057677
index.html:20 2794700
index.html:20 11402533
index.html:20 106290
index.html:20 8947027
index.html:20 7500700
index.html:20 6591600
index.html:20 18092
index.html:20 27691019
index.html:20 2416664
index.html:20 8278737
index.html:20 1411
index.html:20 2100126
index.html:20 5685807
index.html:20 254541
index.html:20 329484123
index.html:20 4922
index.html:20 32365998
index.html:20 83240525
index.html:20 97928
index.html:20 38659
index.html:20 15893219
index.html:20 649342
index.html:20 2837743
index.html:20 226915
index.html:20 71991
index.html:20 18383956
index.html:20 13452
index.html:20 18100
index.html:20 378243
index.html:20 13132792
index.html:20 869595
index.html:20 1470
index.html:20 8654622
index.html:20 2302
index.html:20 85032
index.html:20 43849269
index.html:20 9537642
index.html:20 3473727
index.html:20 1207361
index.html:20 1967998
