 Asia
 Oceania
 Europe
 Europe
 Americas
 Americas
 Antarctic
 Americas
 Africa
 Africa
 Asia
 Africa
 Asia
 Oceania
 Europe
 Africa
 Americas
 Asia
 Americas
 Americas
 Americas
 Americas
 Europe
 Oceania
 Oceania
 Africa
 Europe
 Americas
 Oceania
 Africa
 Europe
 Europe
 Americas
 Asia
 Asia
 Asia
 Americas
 Africa
 Americas
 Europe
 Asia
 Oceania
 Americas
 Oceania
 Americas
 Africa
 Americas
 Americas
 Americas
 Asia
 Asia
 Africa
 Africa
 Africa
 Asia
 Asia
 Americas
 Europe
 Americas
 Europe
 Europe
 Europe
 Americas
 Europe
 Americas
 Africa
 Asia
 Americas
 Asia
 Africa
 Europe
 Europe
 Asia
 Europe
 Europe
 Asia
 Europe
 Americas
 Asia
 Europe
 Asia
 Europe
 Antarctic
 Asia
 Oceania
 Americas
 Americas
 Europe
 Africa
 Asia
 Europe
index.html:20 Asia
index.html:20 Asia
index.html:20 Oceania
index.html:20 Europe
index.html:20 Asia
index.html:20 Asia
index.html:20 Asia
index.html:20 Africa
index.html:20 Europe
index.html:20 Asia
index.html:20 Asia
index.html:20 Asia
index.html:20 Europe
index.html:20 Asia
index.html:20 Americas
index.html:20 Africa
index.html:20 Oceania
index.html:20 Asia
index.html:20 Americas
index.html:20 Africa
index.html:20 Americas
index.html:20 Oceania
index.html:20 Africa
index.html:20 Americas
index.html:20 Europe
index.html:20 Europe
index.html:20 Africa
index.html:20 Americas
index.html:20 Oceania
index.html:20 Asia
index.html:20 Americas
index.html:20 Africa
index.html:20 Asia
index.html:20 Africa
index.html:20 Asia
index.html:20 Americas
index.html:20 Americas
index.html:20 Europe
index.html:20 Africa
index.html:20 Oceania
index.html:20 Africa
index.html:20 Africa
index.html:20 Oceania
index.html:20 Americas
index.html:20 Oceania
index.html:20 Africa
index.html:20 Oceania
index.html:20 Americas
index.html:20 Africa
index.html:20 Europe
index.html:20 Africa
index.html:20 Asia
index.html:20 Americas
index.html:20 Europe
index.html:20 Oceania
index.html:20 Americas
index.html:20 Americas
index.html:20 Americas
index.html:20 Africa
index.html:20 Europe
index.html:20 Europe
index.html:20 Europe
index.html:20 Americas
index.html:20 Africa
index.html:20 Africa
index.html:20 Europe
index.html:20 Africa
index.html:20 Africa
index.html:20 Africa
index.html:20 Antarctic
index.html:20 Europe
index.html:20 Africa
index.html:20 Antarctic
index.html:20 Asia
index.html:20 Americas
index.html:20 Oceania
index.html:20 Oceania
index.html:20 Americas
index.html:20 Africa
index.html:20 Asia
index.html:20 Europe
index.html:20 Africa
index.html:20 Europe
index.html:20 Europe
index.html:20 Europe
index.html:20 Africa
index.html:20 Asia
index.html:20 Asia
index.html:20 Europe
index.html:20 Americas
index.html:20 Africa
index.html:20 Asia
index.html:20 Africa
index.html:20 Africa
index.html:20 Africa
index.html:20 Europe
index.html:20 Africa
index.html:20 Asia
index.html:20 Americas
index.html:20 Asia
index.html:20 Americas
index.html:20 Africa
index.html:20 Europe
index.html:20 Europe
index.html:20 Africa
index.html:20 Africa
index.html:20 Europe
index.html:20 Africa
index.html:20 Asia
index.html:20 Europe
index.html:20 Oceania
index.html:20 Oceania
index.html:20 Europe
index.html:20 Asia
index.html:20 Antarctic
index.html:20 Africa
index.html:20 Asia
index.html:20 Africa
index.html:20 Africa
index.html:20 Europe
index.html:20 Americas
index.html:20 Americas
index.html:20 Oceania
index.html:20 Asia
index.html:20 Asia
index.html:20 Oceania
index.html:20 Africa
index.html:20 Africa
index.html:20 Africa
index.html:20 Oceania
index.html:20 Europe
index.html:20 Asia
index.html:20 Americas
index.html:20 Americas
index.html:20 Americas
index.html:20 Asia
index.html:20 Europe
index.html:20 Americas
index.html:20 Americas
index.html:20 Africa
index.html:20 Asia
index.html:20 Europe
index.html:20 Africa
index.html:20 Americas
index.html:20 Africa
index.html:20 Americas
index.html:20 Oceania
index.html:20 Americas
index.html:20 Africa
index.html:20 Africa
index.html:20 Oceania
index.html:20 Europe
index.html:20 Oceania
index.html:20 Europe
index.html:20 Africa
index.html:20 Asia
index.html:20 Americas
index.html:20 Europe
index.html:20 Africa
