index.html:20 Western Asia
index.html:20 Micronesia
index.html:20 Southeast Europe
index.html:20 Southern Europe
index.html:20 Caribbean
index.html:20 North America
index.html:20 undefined
index.html:20 South America
index.html:20 Northern Africa
index.html:20 Western Africa
index.html:20 Western Asia
index.html:20 Eastern Africa
index.html:20 Southern Asia
index.html:20 Polynesia
index.html:20 Southeast Europe
index.html:20 Eastern Africa
index.html:20 North America
index.html:20 Western Asia
index.html:20 Central America
index.html:20 Caribbean
index.html:20 South America
index.html:20 South America
index.html:20 Northern Europe
index.html:20 Melanesia
index.html:20 Polynesia
index.html:20 Western Africa
index.html:20 Northern Europe
index.html:20 South America
index.html:20 Micronesia
index.html:20 Southern Africa
index.html:20 Central Europe
index.html:20 Western Europe
index.html:20 South America
index.html:20 Western Asia
index.html:20 Western Asia
index.html:20 Southern Asia
index.html:20 North America
index.html:20 Middle Africa
index.html:20 Central America
index.html:20 Southern Europe
index.html:20 Western Asia
index.html:20 Melanesia
index.html:20 Central America
index.html:20 Micronesia
index.html:20 South America
index.html:20 Western Africa
index.html:20 Caribbean
index.html:20 Caribbean
index.html:20 North America
index.html:20 Eastern Asia
index.html:20 South-Eastern Asia
index.html:20 Eastern Africa
index.html:20 Middle Africa
index.html:20 Southern Africa
index.html:20 Central Asia
index.html:20 South-Eastern Asia
index.html:20 South America
index.html:20 Western Europe
index.html:20 Caribbean
index.html:20 Southeast Europe
index.html:20 Central Europe
index.html:20 Southeast Europe
index.html:20 North America
 Southern Europe
 South America
 Western Africa
 Western Asia
 Caribbean
 South-Eastern Asia
 Middle Africa
 Southern Europe
 Eastern Europe
 Western Asia
 Northern Europe
 Southern Europe
 Southern Asia
 Southern Europe
 South America
 Western Asia
 Central Europe
 Western Asia
 Southeast Europe
 undefined
 Southern Asia
 Australia and New Zealand
 Caribbean
 Caribbean
 Southern Europe
 Middle Africa
 Southern Asia
 Western Europe
 Central Asia
 Western Asia
 Melanesia
 Northern Europe
 South-Eastern Asia
 Southern Asia
 South-Eastern Asia
 Middle Africa
 Northern Europe
 Southern Asia
 Western Asia
 Eastern Asia
 Northern Europe
 Western Asia
 Caribbean
 Eastern Africa
 Australia and New Zealand
 Southern Asia
 Central America
 Eastern Africa
 Caribbean
 Melanesia
 Eastern Africa
 Caribbean
 Southern Europe
 Northern Europe
 Eastern Africa
 North America
 Polynesia
 Eastern Asia
 South America
 Eastern Africa
 Eastern Asia
 Southern Africa
 South-Eastern Asia
 Caribbean
 South America
 Eastern Europe
 Western Africa
 Micronesia
 Southern Africa
 Middle Africa
 Polynesia
 South America
 Australia and New Zealand
 Western Africa
 Micronesia
 Central America
 Western Africa
 Central Europe
 Western Africa
 Western Asia
 Caribbean
 Central Europe
 Micronesia
 Central America
 Caribbean
 Caribbean
 Middle Africa
 Eastern Europe
 Western Europe
 Northern Europe
 Central America
 Northern Africa
 Middle Africa
 Northern Europe
 Southern Africa
 Western Africa
 Southern Africa
 undefined
 Southern Europe
 Eastern Africa
 undefined
 Southern Asia
 Caribbean
 Polynesia
index.html:20 Australia and New Zealand
index.html:20 Caribbean
index.html:20 Middle Africa
index.html:20 Central Asia
index.html:20 Northern Europe
index.html:20 Western Africa
index.html:20 Western Europe
index.html:20 Eastern Europe
index.html:20 Western Europe
index.html:20 Eastern Africa
index.html:20 Western Asia
index.html:20 Eastern Asia
index.html:20 Northern Europe
index.html:20 Caribbean
index.html:20 Middle Africa
index.html:20 South-Eastern Asia
index.html:20 Western Africa
index.html:20 Eastern Africa
index.html:20 Western Africa
index.html:20 Northern Europe
index.html:20 Northern Africa
index.html:20 South-Eastern Asia
index.html:20 Caribbean
index.html:20 Western Asia
index.html:20 Caribbean
index.html:20 Northern Africa
index.html:20 Northern Europe
index.html:20 Southeast Europe
index.html:20 Eastern Africa
index.html:20 Eastern Africa
index.html:20 Southeast Europe
index.html:20 Eastern Africa
index.html:20 Western Asia
index.html:20 Northern Europe
index.html:20 Polynesia
index.html:20 Polynesia
index.html:20 Southeast Europe
index.html:20 South-Eastern Asia
index.html:20 undefined
index.html:20 Northern Africa
index.html:20 Eastern Asia
index.html:20 Northern Africa
index.html:20 Western Africa
index.html:20 Northern Europe
index.html:20 Caribbean
index.html:20 Caribbean
index.html:20 Melanesia
index.html:20 Eastern Asia
index.html:20 Central Asia
index.html:20 Micronesia
index.html:20 Eastern Africa
index.html:20 Western Africa
index.html:20 Western Africa
index.html:20 Polynesia
index.html:20 Central Europe
index.html:20 South-Eastern Asia
index.html:20 South America
index.html:20 North America
index.html:20 Caribbean
index.html:20 South-Eastern Asia
index.html:20 Western Europe
index.html:20 Caribbean
index.html:20 Caribbean
index.html:20 Eastern Africa
index.html:20 Eastern Asia
index.html:20 Southeast Europe
index.html:20 Eastern Africa
index.html:20 Caribbean
index.html:20 Eastern Africa
index.html:20 Caribbean
index.html:20 Polynesia
index.html:20 Caribbean
index.html:20 Western Africa
index.html:20 Eastern Africa
index.html:20 Polynesia
index.html:20 Western Europe
index.html:20 Australia and New Zealand
index.html:20 Northern Europe
index.html:20 Northern Africa
index.html:20 Central Asia
index.html:20 South America
index.html:20 Southern Europe
index.html:20 Western Africa
